mode: set
github.com/leomorpho/docket/internal/claim/claim.go:21.52,23.16 2 1
github.com/leomorpho/docket/internal/claim/claim.go:23.16,25.3 1 0
github.com/leomorpho/docket/internal/claim/claim.go:26.2,26.55 1 1
github.com/leomorpho/docket/internal/claim/claim.go:31.68,33.16 2 1
github.com/leomorpho/docket/internal/claim/claim.go:33.16,35.3 1 0
github.com/leomorpho/docket/internal/claim/claim.go:36.2,36.47 1 1
github.com/leomorpho/docket/internal/claim/claim.go:36.47,38.3 1 0
github.com/leomorpho/docket/internal/claim/claim.go:40.2,48.16 4 1
github.com/leomorpho/docket/internal/claim/claim.go:48.16,50.3 1 0
github.com/leomorpho/docket/internal/claim/claim.go:52.2,53.16 2 1
github.com/leomorpho/docket/internal/claim/claim.go:53.16,54.22 1 1
github.com/leomorpho/docket/internal/claim/claim.go:54.22,56.92 1 1
github.com/leomorpho/docket/internal/claim/claim.go:56.92,57.73 1 1
github.com/leomorpho/docket/internal/claim/claim.go:57.73,59.6 1 0
github.com/leomorpho/docket/internal/claim/claim.go:60.5,60.113 1 1
github.com/leomorpho/docket/internal/claim/claim.go:62.4,62.63 1 0
github.com/leomorpho/docket/internal/claim/claim.go:64.3,64.13 1 0
github.com/leomorpho/docket/internal/claim/claim.go:66.2,69.12 3 1
github.com/leomorpho/docket/internal/claim/claim.go:73.47,75.16 2 1
github.com/leomorpho/docket/internal/claim/claim.go:75.16,77.3 1 0
github.com/leomorpho/docket/internal/claim/claim.go:78.2,79.63 2 1
github.com/leomorpho/docket/internal/claim/claim.go:79.63,81.3 1 0
github.com/leomorpho/docket/internal/claim/claim.go:82.2,82.12 1 1
github.com/leomorpho/docket/internal/claim/claim.go:86.66,88.16 2 1
github.com/leomorpho/docket/internal/claim/claim.go:88.16,90.3 1 0
github.com/leomorpho/docket/internal/claim/claim.go:91.2,93.16 3 1
github.com/leomorpho/docket/internal/claim/claim.go:93.16,94.25 1 1
github.com/leomorpho/docket/internal/claim/claim.go:94.25,96.4 1 1
github.com/leomorpho/docket/internal/claim/claim.go:97.3,97.18 1 0
github.com/leomorpho/docket/internal/claim/claim.go:100.2,101.49 2 1
github.com/leomorpho/docket/internal/claim/claim.go:101.49,103.3 1 1
github.com/leomorpho/docket/internal/claim/claim.go:104.2,104.16 1 1
